<?xml version="1.0" encoding="UTF-8"?>
<!-- Generated by org.testng.reporters.JUnitReportReporter -->
<testsuite skipped="0" hostname="DESKTOP-94LS7CI" name="appTest.SeleniumDev" tests="1" failures="0" timestamp="13 Oct 2021 09:28:51 GMT" time="7.710" errors="0">
  <testcase name="titletest" time="7.710" classname="appTest.SeleniumDev"/>
</testsuite> <!-- appTest.SeleniumDev -->
