<?xml version="1.0" encoding="UTF-8"?>
<!-- Generated by org.testng.reporters.JUnitReportReporter -->
<testsuite skipped="0" hostname="DESKTOP-94LS7CI" name="appTest.NumberComparison" tests="1" failures="0" timestamp="13 Oct 2021 07:14:42 GMT" time="0.010" errors="0">
  <testcase name="intComparison" time="0.010" classname="appTest.NumberComparison"/>
</testsuite> <!-- appTest.NumberComparison -->
