<?xml version="1.0" encoding="UTF-8"?>
<!-- Generated by org.testng.reporters.JUnitReportReporter -->
<testsuite skipped="0" hostname="DESKTOP-94LS7CI" name="appTest.AppTest" tests="2" failures="0" timestamp="13 Oct 2021 05:25:44 GMT" time="0.011" errors="0">
  <testcase name="logintest2" time="0.001" classname="appTest.AppTest"/>
  <testcase name="logintest" time="0.010" classname="appTest.AppTest"/>
</testsuite> <!-- appTest.AppTest -->
