<?xml version="1.0" encoding="UTF-8"?>
<!-- Generated by org.testng.reporters.JUnitReportReporter -->
<testsuite hostname="DESKTOP-94LS7CI" failures="0" tests="1" name="appTest.SeleniumDev" time="2.408" errors="0" timestamp="13 Oct 2021 09:35:50 GMT" skipped="0">
  <testcase classname="appTest.SeleniumDev" name="titletest" time="2.408"/>
</testsuite> <!-- appTest.SeleniumDev -->
