<?xml version="1.0" encoding="UTF-8"?>
<!-- Generated by org.testng.reporters.JUnitReportReporter -->
<testsuite hostname="DESKTOP-94LS7CI" failures="0" tests="2" name="appTest.AppTest" time="0.005" errors="0" timestamp="13 Oct 2021 09:35:50 GMT" skipped="0">
  <testcase classname="appTest.AppTest" name="logintest" time="0.004"/>
  <testcase classname="appTest.AppTest" name="logintest2" time="0.001"/>
</testsuite> <!-- appTest.AppTest -->
