<?xml version="1.0" encoding="UTF-8"?>
<!-- Generated by org.testng.reporters.JUnitReportReporter -->
<testsuite hostname="DESKTOP-94LS7CI" failures="0" tests="1" name="appTest.NumberComparison" time="0.000" errors="0" timestamp="13 Oct 2021 09:35:50 GMT" skipped="0">
  <testcase classname="appTest.NumberComparison" name="intComparison" time="0.000"/>
</testsuite> <!-- appTest.NumberComparison -->
